app/build/outputs/mapping/release/seeds.txt
com.simplemobiletools.notes.App
com.simplemobiletools.notes.App: App()
com.simplemobiletools.notes.R$anim: int abc_fade_in
com.simplemobiletools.notes.R$anim: int abc_fade_out
com.simplemobiletools.notes.R$anim: int abc_grow_fade_in_from_bottom
com.simplemobiletools.notes.R$anim: int abc_popup_enter
com.simplemobiletools.notes.R$anim: int abc_popup_exit
com.simplemobiletools.notes.R$anim: int abc_shrink_fade_out_from_bottom
com.simplemobiletools.notes.R$anim: int abc_slide_in_bottom
com.simplemobiletools.notes.R$anim: int abc_slide_in_top
com.simplemobiletools.notes.R$anim: int abc_slide_out_bottom
com.simplemobiletools.notes.R$anim: int abc_slide_out_top
com.simplemobiletools.notes.R$anim: int design_bottom_sheet_slide_in
com.simplemobiletools.notes.R$anim: int design_bottom_sheet_slide_out
com.simplemobiletools.notes.R$anim: int design_fab_in
com.simplemobiletools.notes.R$anim: int design_fab_out
com.simplemobiletools.notes.R$anim: int design_snackbar_in
com.simplemobiletools.notes.R$anim: int design_snackbar_out
com.simplemobiletools.notes.R$array: int font_sizes
com.simplemobiletools.notes.R$attr: int actionBarDivider
com.simplemobiletools.notes.R$attr: int actionBarItemBackground
com.simplemobiletools.notes.R$attr: int actionBarPopupTheme
com.simplemobiletools.notes.R$attr: int actionBarSize
com.simplemobiletools.notes.R$attr: int actionBarSplitStyle
com.simplemobiletools.notes.R$attr: int actionBarStyle
com.simplemobiletools.notes.R$attr: int actionBarTabBarStyle
com.simplemobiletools.notes.R$attr: int actionBarTabStyle
com.simplemobiletools.notes.R$attr: int actionBarTabTextStyle
com.simplemobiletools.notes.R$attr: int actionBarTheme
com.simplemobiletools.notes.R$attr: int actionBarWidgetTheme
com.simplemobiletools.notes.R$attr: int actionButtonStyle
com.simplemobiletools.notes.R$attr: int actionDropDownStyle
com.simplemobiletools.notes.R$attr: int actionLayout
com.simplemobiletools.notes.R$attr: int actionMenuTextAppearance
com.simplemobiletools.notes.R$attr: int actionMenuTextColor
com.simplemobiletools.notes.R$attr: int actionModeBackground
com.simplemobiletools.notes.R$attr: int actionModeCloseButtonStyle
com.simplemobiletools.notes.R$attr: int actionModeCloseDrawable
com.simplemobiletools.notes.R$attr: int actionModeCopyDrawable
com.simplemobiletools.notes.R$attr: int actionModeCutDrawable
com.simplemobiletools.notes.R$attr: int actionModeFindDrawable
com.simplemobiletools.notes.R$attr: int actionModePasteDrawable
com.simplemobiletools.notes.R$attr: int actionModePopupWindowStyle
com.simplemobiletools.notes.R$bool: int abc_action_bar_embed_tabs
com.simplemobiletools.notes.R$bool: int abc_action_bar_embed_tabs_pre_jb
com.simplemobiletools.notes.R$bool: int abc_action_bar_expanded_action_views_exclusive
com.simplemobiletools.notes.R$bool: int abc_allow_stacked_button_bar
com.simplemobiletools.notes.R$bool: int abc_config_actionMenuItemAllCaps
com.simplemobiletools.notes.R$bool: int abc_config_allowActionMenuItemTextWithIcon
com.simplemobiletools.notes.R$bool: int abc_config_closeDialogWhenTouchOutside
com.simplemobiletools.notes.R$bool: int abc_config_showMenuShortcutsWhenKeyboardPresent
...
com.facebook.stetho.inspector.database.SQLiteDatabaseCompat$1
com.facebook.stetho.inspector.database.SQLiteDatabaseCompat$HoneycombImpl
com.facebook.stetho.inspector.database.SQLiteDatabaseCompat$HoneycombImpl: SQLiteDatabaseCompat$HoneycombImpl()
com.facebook.stetho.inspector.database.SQLiteDatabaseCompat$HoneycombImpl: int provideOpenFlags(int)
com.facebook.stetho.inspector.database.SQLiteDatabaseCompat$HoneycombImpl: void enableFeatures(int,android.database.sqlite.SQLiteDatabase)
com.facebook.stetho.inspector.database.SQLiteDatabaseCompat$HoneycombImpl: SQLiteDatabaseCompat$HoneycombImpl(com.facebook.stetho.inspector.database.SQLiteDatabaseCompat$1)
com.facebook.stetho.inspector.database.SQLiteDatabaseCompat$JellyBeanAndBeyondImpl
com.facebook.stetho.inspector.database.SQLiteDatabaseCompat$JellyBeanAndBeyondImpl: SQLiteDatabaseCompat$JellyBeanAndBeyondImpl()
com.facebook.stetho.inspector.database.SQLiteDatabaseCompat$JellyBeanAndBeyondImpl: int provideOpenFlags(int)
com.facebook.stetho.inspector.database.SQLiteDatabaseCompat$JellyBeanAndBeyondImpl: void enableFeatures(int,android.database.sqlite.SQLiteDatabase)
com.facebook.stetho.inspector.database.SQLiteDatabaseCompat$JellyBeanAndBeyondImpl: SQLiteDatabaseCompat$JellyBeanAndBeyondImpl(com.facebook.stetho.inspector.database.SQLiteDatabaseCompat$1)
com.facebook.stetho.inspector.database.SQLiteDatabaseCompat$NoopImpl
com.facebook.stetho.inspector.database.SQLiteDatabaseCompat$NoopImpl: SQLiteDatabaseCompat$NoopImpl()
com.facebook.stetho.inspector.database.SQLiteDatabaseCompat$NoopImpl: int provideOpenFlags(int)
com.facebook.stetho.inspector.database.SQLiteDatabaseCompat$NoopImpl: void enableFeatures(int,android.database.sqlite.SQLiteDatabase)
com.facebook.stetho.inspector.database.SQLiteDatabaseCompat$NoopImpl: SQLiteDatabaseCompat$NoopImpl(com.facebook.stetho.inspector.database.SQLiteDatabaseCompat$1)
com.facebook.stetho.inspector.database.SQLiteDatabaseCompat$SQLiteOpenOptions
com.facebook.stetho.inspector.database.SqliteDatabaseDriver
com.facebook.stetho.inspector.database.SqliteDatabaseDriver: java.lang.String[] UNINTERESTING_FILENAME_SUFFIXES
com.facebook.stetho.inspector.database.SqliteDatabaseDriver: com.facebook.stetho.inspector.database.DatabaseFilesProvider mDatabaseFilesProvider
com.facebook.stetho.inspector.database.SqliteDatabaseDriver: com.facebook.stetho.inspector.database.DatabaseConnectionProvider mDatabaseConnectionProvider
com.facebook.stetho.inspector.database.SqliteDatabaseDriver: java.util.List mDatabases
com.facebook.stetho.inspector.database.SqliteDatabaseDriver: SqliteDatabaseDriver(android.content.Context)
com.facebook.stetho.inspector.database.SqliteDatabaseDriver: SqliteDatabaseDriver(android.content.Context,com.facebook.stetho.inspector.database.DatabaseFilesProvider,com.facebook.stetho.inspector.database.DatabaseConnectionProvider)
com.facebook.stetho.inspector.database.SqliteDatabaseDriver: java.util.List getDatabaseNames()
com.facebook.stetho.inspector.database.SqliteDatabaseDriver: java.util.List tidyDatabaseList(java.util.List)
com.facebook.stetho.inspector.database.SqliteDatabaseDriver: java.lang.String removeSuffix(java.lang.String,java.lang.String[])
com.facebook.stetho.inspector.database.SqliteDatabaseDriver: java.util.List getTableNames(java.lang.String)