app/build/outputs/mapping/release/mapping.txt
com.simplemobiletools.notes.App -> com.simplemobiletools.notes.App:
    void <init>() -> <init>
    void onCreate() -> onCreate
com.simplemobiletools.notes.Config -> com.simplemobiletools.notes.a:
    android.content.SharedPreferences mPrefs -> a
    com.simplemobiletools.notes.Config newInstance(android.content.Context) -> a
    void <init>(android.content.Context) -> <init>
    void setIsFirstRun(boolean) -> a
    boolean getIsDarkTheme() -> a
    void setIsDarkTheme(boolean) -> b
    int getFontSize() -> b
    void setFontSize(int) -> a
    int getCurrentNoteId() -> c
    void setCurrentNoteId(int) -> b
    void setWidgetNoteId(int) -> c
com.simplemobiletools.notes.Utils -> com.simplemobiletools.notes.b:
    void showToast(android.content.Context,int) -> a
    float getTextSize(android.content.Context) -> a
com.simplemobiletools.notes.activities.MainActivity -> com.simplemobiletools.notes.activities.MainActivity:
    android.widget.EditText mNotesView -> mNotesView
    android.widget.TextView mCurrNoteLabel -> mCurrNoteLabel
    android.widget.TextView mCurrNoteTitle -> mCurrNoteTitle
    com.simplemobiletools.notes.databases.DBHelper mDb -> m
    com.simplemobiletools.notes.models.Note mCurrentNote -> n
    java.util.List mNotes -> o
    void <init>() -> <init>
    void onCreate(android.os.Bundle) -> onCreate
    void onResume() -> onResume
    void onPause() -> onPause
    void onDestroy() -> onDestroy
    boolean onCreateOptionsMenu(android.view.Menu) -> onCreateOptionsMenu
    boolean onOptionsItemSelected(android.view.MenuItem) -> onOptionsItemSelected
    void updateSelectedNote(int) -> b
    void fabClicked(android.view.View) -> fabClicked
    void displayDeleteNotePrompt() -> k
    void deleteNote() -> l
    void displayOpenNoteDialog() -> m
    void saveText() -> n
    void shareText() -> o
    java.lang.String getCurrentNote() -> p
    void hideKeyboard() -> q
    void noteSelected(int) -> a
    com.simplemobiletools.notes.databases.DBHelper access$000(com.simplemobiletools.notes.activities.MainActivity) -> a
    void access$100(com.simplemobiletools.notes.activities.MainActivity) -> b
    void access$200(com.simplemobiletools.notes.activities.MainActivity,int) -> a
    void access$300(com.simplemobiletools.notes.activities.MainActivity) -> c
com.simplemobiletools.notes.activities.MainActivity$$ViewBinder -> com.simplemobiletools.notes.activities.MainActivity$$ViewBinder:
    void <init>() -> <init>
    butterknife.Unbinder bind(butterknife.internal.Finder,com.simplemobiletools.notes.activities.MainActivity,java.lang.Object) -> a
    com.simplemobiletools.notes.activities.MainActivity$$ViewBinder$InnerUnbinder createUnbinder(com.simplemobiletools.notes.activities.MainActivity) -> a
    butterknife.Unbinder bind(butterknife.internal.Finder,java.lang.Object,java.lang.Object) -> a
com.simplemobiletools.notes.activities.MainActivity$$ViewBinder$1 -> com.simplemobiletools.notes.activities.MainActivity$$ViewBinder$1:
    com.simplemobiletools.notes.activities.MainActivity val$target -> b
    com.simplemobiletools.notes.activities.MainActivity$$ViewBinder this$0 -> c
    void <init>(com.simplemobiletools.notes.activities.MainActivity$$ViewBinder,com.simplemobiletools.notes.activities.MainActivity) -> <init>
    void doClick(android.view.View) -> a
com.simplemobiletools.notes.activities.MainActivity$$ViewBinder$InnerUnbinder -> com.simplemobiletools.notes.activities.MainActivity$$ViewBinder$a:
    com.simplemobiletools.notes.activities.MainActivity target -> c
    android.view.View view2131558511 -> b
    void <init>(com.simplemobiletools.notes.activities.MainActivity) -> <init>
...
com.facebook.stetho.inspector.elements.Descriptor -> com.facebook.stetho.inspector.elements.Descriptor:
    com.facebook.stetho.inspector.elements.Descriptor$Host mHost -> mHost
    void <init>() -> <init>
    void initialize(com.facebook.stetho.inspector.elements.Descriptor$Host) -> initialize
    boolean isInitialized() -> isInitialized
    com.facebook.stetho.inspector.elements.Descriptor$Host getHost() -> getHost
    boolean checkThreadAccess() -> checkThreadAccess
    void verifyThreadAccess() -> verifyThreadAccess
    java.lang.Object postAndWait(com.facebook.stetho.common.UncheckedCallable) -> postAndWait
    void postAndWait(java.lang.Runnable) -> postAndWait
    void postDelayed(java.lang.Runnable,long) -> postDelayed
    void removeCallbacks(java.lang.Runnable) -> removeCallbacks
    java.util.Map parseSetAttributesAsTextArg(java.lang.String) -> parseSetAttributesAsTextArg
com.facebook.stetho.inspector.elements.Descriptor$Host -> com.facebook.stetho.inspector.elements.Descriptor$Host:
    com.facebook.stetho.inspector.elements.Descriptor getDescriptor(java.lang.Object) -> getDescriptor
    void onAttributeModified(java.lang.Object,java.lang.String,java.lang.String) -> onAttributeModified
    void onAttributeRemoved(java.lang.Object,java.lang.String) -> onAttributeRemoved
com.facebook.stetho.inspector.elements.DescriptorMap -> com.facebook.stetho.inspector.elements.DescriptorMap:
    java.util.Map mMap -> mMap
    boolean mIsInitializing -> mIsInitializing
    com.facebook.stetho.inspector.elements.Descriptor$Host mHost -> mHost
    void <init>() -> <init>
    com.facebook.stetho.inspector.elements.DescriptorMap beginInit() -> beginInit
    com.facebook.stetho.inspector.elements.DescriptorMap register(java.lang.Class,com.facebook.stetho.inspector.elements.Descriptor) -> register
    com.facebook.stetho.inspector.elements.DescriptorMap setHost(com.facebook.stetho.inspector.elements.Descriptor$Host) -> setHost
    com.facebook.stetho.inspector.elements.DescriptorMap endInit() -> endInit
    com.facebook.stetho.inspector.elements.Descriptor get(java.lang.Class) -> get
    com.facebook.stetho.inspector.elements.Descriptor getImpl(java.lang.Class) -> getImpl
com.facebook.stetho.inspector.elements.Document -> com.facebook.stetho.inspector.elements.Document:
    com.facebook.stetho.inspector.elements.DocumentProviderFactory mFactory -> mFactory
    com.facebook.stetho.inspector.helper.ObjectIdMapper mObjectIdMapper -> mObjectIdMapper
    java.util.Queue mCachedUpdateQueue -> mCachedUpdateQueue
    com.facebook.stetho.inspector.elements.DocumentProvider mDocumentProvider -> mDocumentProvider
    com.facebook.stetho.inspector.elements.ShadowDocument mShadowDocument -> mShadowDocument
    com.facebook.stetho.inspector.elements.Document$UpdateListenerCollection mUpdateListeners -> mUpdateListeners
    com.facebook.stetho.inspector.elements.Document$ChildEventingList mCachedChildEventingList -> mCachedChildEventingList
    com.facebook.stetho.common.ArrayListAccumulator mCachedChildrenAccumulator -> mCachedChildrenAccumulator
    com.facebook.stetho.inspector.elements.Document$AttributeListAccumulator mCachedAttributeAccumulator -> mCachedAttributeAccumulator
    int mReferenceCounter -> mReferenceCounter
    void <init>(com.facebook.stetho.inspector.elements.DocumentProviderFactory) -> <init>
    void addRef() -> addRef
    void release() -> release
    void init() -> init
    void cleanUp() -> cleanUp
    void addUpdateListener(com.facebook.stetho.inspector.elements.Document$UpdateListener) -> addUpdateListener
    void removeUpdateListener(com.facebook.stetho.inspector.elements.Document$UpdateListener) -> removeUpdateListener
com.facebook.stetho.inspector.elements.Document$1 -> com.facebook.stetho.inspector.elements.Document$1:
    com.facebook.stetho.inspector.elements.Document this$0 -> this$0
    void <init>(com.facebook.stetho.inspector.elements.Document) -> <init>
    void run() -> run