app/build/outputs/mapping/release/usage.txt
com.simplemobiletools.notes.BuildConfig
com.simplemobiletools.notes.Config:
    18:18:public boolean getIsFirstRun()
    50:50:public int getWidgetNoteId()
com.simplemobiletools.notes.Constants
com.simplemobiletools.notes.R
com.simplemobiletools.notes.R$anim
com.simplemobiletools.notes.R$array
com.simplemobiletools.notes.R$attr
com.simplemobiletools.notes.R$bool
com.simplemobiletools.notes.R$color
com.simplemobiletools.notes.R$dimen
com.simplemobiletools.notes.R$drawable
com.simplemobiletools.notes.R$id
com.simplemobiletools.notes.R$integer
com.simplemobiletools.notes.R$layout
com.simplemobiletools.notes.R$menu
com.simplemobiletools.notes.R$mipmap
com.simplemobiletools.notes.R$string
com.simplemobiletools.notes.R$style
com.simplemobiletools.notes.R$styleable
com.simplemobiletools.notes.Utils:
    8:8:public Utils()
com.simplemobiletools.notes.activities.MainActivity$$ViewBinder$InnerUnbinder:
    50:53:public final void unbind()
    56:60:protected void unbind(com.simplemobiletools.notes.activities.MainActivity)
com.simplemobiletools.notes.activities.SettingsActivity$$ViewBinder$InnerUnbinder:
    62:65:public final void unbind()
    68:72:protected void unbind(com.simplemobiletools.notes.activities.SettingsActivity)
com.simplemobiletools.notes.databases.DBHelper:
    private static final java.lang.String DB_NAME
    private static final int DB_VERSION
    private static final java.lang.String TABLE_NAME
    private static final java.lang.String NOTE
    private static final java.lang.String COL_ID
    private static final java.lang.String COL_TITLE
    private static final java.lang.String COL_VALUE
com.simplemobiletools.notes.models.Note:
    27:28:public void setId(int)
    35:36:public void setTitle(java.lang.String)
com.simplemobiletools.notes.views.dialogs.OpenNoteDialog:
    13:13:public final android.app.AlertDialog getDialog()
    12:12:public final android.app.Activity getActivity()
...
android.support.v7.widget.ScrollbarHelper:
    23:23:ScrollbarHelper()
android.support.v7.widget.ScrollingTabContainerView:
    private static final java.lang.String TAG
    protected android.support.v4.view.ViewPropertyAnimatorCompat mVisibilityAnim
    protected final android.support.v7.widget.ScrollingTabContainerView$VisibilityAnimListener mVisAnimListener
    private static final int FADE_DURATION
    71:89:public ScrollingTabContainerView(android.content.Context)
    200:206:private android.support.v7.widget.LinearLayoutCompat createTabLayout()
    232:254:public void animateToVisibility(int)
    306:318:public void addTab(android.support.v7.app.ActionBar$Tab,boolean)
    321:333:public void addTab(android.support.v7.app.ActionBar$Tab,int,boolean)
    336:343:public void updateTab(int)
    346:353:public void removeTabAt(int)
    356:363:public void removeAllTabs()
android.support.v7.widget.ScrollingTabContainerView$VisibilityAnimListener
android.support.v7.widget.SearchView:
    private static final boolean DBG
    private static final java.lang.String LOG_TAG
    private static final java.lang.String IME_OPTION_NO_MICROPHONE
    private final android.view.View mSearchPlate
    private final android.view.View mDropDownAnchor
    private java.lang.CharSequence mOldQueryText
    private final android.support.v7.widget.AppCompatDrawableManager mDrawableManager
    private final android.view.View$OnClickListener mOnClickListener
    android.view.View$OnKeyListener mTextKeyListener
    private final android.widget.TextView$OnEditorActionListener mOnEditorActionListener
    private final android.widget.AdapterView$OnItemClickListener mOnItemClickListener
    private final android.widget.AdapterView$OnItemSelectedListener mOnItemSelectedListener
    private android.text.TextWatcher mTextWatcher
    270:271:public SearchView(android.content.Context)
    274:275:public SearchView(android.content.Context,android.util.AttributeSet)
    172:1674:public SearchView(android.content.Context,android.util.AttributeSet,int)
    389:396:private void addOnLayoutChangeListenerToDropDownAnchorSDK11()
    399:406:private void addOnLayoutChangeListenerToDropDownAnchorBase()
    660:660:public boolean isIconfiedByDefault()
    710:710:public boolean isSubmitButtonEnabled()
    740:740:public boolean isQueryRefinementEnabled()
    903:914:private void updateFocusedState()
android.support.v7.widget.SearchView$1
android.support.v7.widget.SearchView$10
android.support.v7.widget.SearchView$11
android.support.v7.widget.SearchView$12
android.support.v7.widget.SearchView$2
android.support.v7.widget.SearchView$3
android.support.v7.widget.SearchView$4
android.support.v7.widget.SearchView$5
android.support.v7.widget.SearchView$6
android.support.v7.widget.SearchView$7
android.support.v7.widget.SearchView$8
android.support.v7.widget.SearchView$9
android.support.v7.widget.SearchView$AutoCompleteTextViewReflector:
    1870:1880:void showSoftInputUnchecked(android.view.inputmethod.InputMethodManager,android.view.View,int)
android.support.v7.widget.SearchView$OnQueryTextListener:
    public abstract boolean onQueryTextChange(java.lang.String)
android.support.v7.widget.SearchView$OnSuggestionListener:
    public abstract boolean onSuggestionSelect(int)
    public abstract boolean onSuggestionClick(int)
android.support.v7.widget.SearchView$SearchAutoComplete:
    1723:1723:private boolean isEmpty()
    1691:1691:static synthetic boolean access$1600(android.support.v7.widget.SearchView$SearchAutoComplete)
android.support.v7.widget.ShareActionProvider
android.support.v7.widget.ShareActionProvider$1
android.support.v7.widget.ShareActionProvider$OnShareTargetSelectedListener
android.support.v7.widget.ShareActionProvider$ShareActivityChooserModelPolicy
android.support.v7.widget.ShareActionProvider$ShareMenuItemOnMenuItemClickListener